Serving HTTPS on :: port 8001 from /mnt/data/projects/github.com/faithleysath/bike-tft/thesis/main_thesis_word_v14
2409:8a21:4282:c450::965 - - [10/May/2026 23:35:23] "HEAD /main_thesis_word_v14_final.docx HTTP/1.1" 200 -
2409:8a21:4282:c450::965 - - [10/May/2026 23:35:23] "HEAD / HTTP/1.1" 200 -
2409:8a21:4282:c450::965 - - [10/May/2026 23:35:39] "GET / HTTP/1.1" 200 -
2409:8a21:4282:c450::965 - - [10/May/2026 23:35:40] "HEAD /main_thesis_word_v14_final.pdf HTTP/1.1" 200 -
2408:893a:1223:4664:dca:407f:9bf2:6f56 - - [10/May/2026 23:37:22] "GET / HTTP/1.1" 200 -
2409:8a21:4282:c450::965 - - [11/May/2026 10:25:50] "GET / HTTP/1.1" 200 -
2409:8a21:4282:c450::965 - - [11/May/2026 10:25:50] "GET /attachments/attachment4_thesis_writing_template.docx HTTP/1.1" 200 -
2409:8a21:4282:c450::965 - - [11/May/2026 10:25:50] "GET /attachments/attachment11_reference_format_examples.docx HTTP/1.1" 200 -
2409:8a21:4282:c450::965 - - [11/May/2026 10:25:50] "GET /attachments/attachment12_foreign_translation_template.docx HTTP/1.1" 200 -
2409:8a21:4282:c450::965 - - [11/May/2026 10:25:50] "GET /attachments/task_statement.md HTTP/1.1" 200 -
2409:8a21:4282:c450::965 - - [11/May/2026 10:25:50] "GET /attachments/proposal_report.md HTTP/1.1" 200 -
2409:8a21:4282:c450::965 - - [11/May/2026 10:25:50] "GET /attachments/foreign_original_graph_wavenet_ijcai2019.pdf HTTP/1.1" 200 -
2409:8a21:4282:c450::965 - - [11/May/2026 10:25:50] "GET /attachments/foreign_translation_graph_wavenet_final_v6.docx HTTP/1.1" 200 -
2408:893a:1223:4664:edba:ed76:a34:57a3 - - [11/May/2026 10:26:48] "GET / HTTP/1.1" 200 -
2408:893a:1223:4664:edba:ed76:a34:57a3 - - [11/May/2026 10:26:52] "GET /attachments/attachment4_thesis_writing_template.docx HTTP/1.1" 200 -
----------------------------------------
Exception occurred during processing of request from ('2408:893a:1223:4664:edba:ed76:a34:57a3', 58824, 0, 0)
Traceback (most recent call last):
  File "/usr/lib/python3.13/socketserver.py", line 697, in process_request_thread
    self.finish_request(request, client_address)
    ~~~~~~~~~~~~~~~~~~~^^^^^^^^^^^^^^^^^^^^^^^^^
  File "/usr/lib/python3.13/socketserver.py", line 362, in finish_request
    self.RequestHandlerClass(request, client_address, self)
    ~~~~~~~~~~~~~~~~~~~~~~~~^^^^^^^^^^^^^^^^^^^^^^^^^^^^^^^
  File "/usr/lib/python3.13/http/server.py", line 672, in __init__
    super().__init__(*args, **kwargs)
    ~~~~~~~~~~~~~~~~^^^^^^^^^^^^^^^^^
  File "/usr/lib/python3.13/socketserver.py", line 766, in __init__
    self.handle()
    ~~~~~~~~~~~^^
  File "/usr/lib/python3.13/http/server.py", line 436, in handle
    self.handle_one_request()
    ~~~~~~~~~~~~~~~~~~~~~~~^^
  File "/usr/lib/python3.13/http/server.py", line 404, in handle_one_request
    self.raw_requestline = self.rfile.readline(65537)
                           ~~~~~~~~~~~~~~~~~~~^^^^^^^
  File "/usr/lib/python3.13/socket.py", line 719, in readinto
    return self._sock.recv_into(b)
           ~~~~~~~~~~~~~~~~~~~~^^^
  File "/usr/lib/python3.13/ssl.py", line 1304, in recv_into
    return self.read(nbytes, buffer)
           ~~~~~~~~~^^^^^^^^^^^^^^^^
  File "/usr/lib/python3.13/ssl.py", line 1138, in read
    return self._sslobj.read(len, buffer)
           ~~~~~~~~~~~~~~~~~^^^^^^^^^^^^^
ConnectionResetError: [Errno 104] Connection reset by peer
----------------------------------------
2408:893a:1223:4664:edba:ed76:a34:57a3 - - [11/May/2026 10:39:34] "GET /main_thesis_word_v14_final.docx HTTP/1.1" 200 -
----------------------------------------
Exception occurred during processing of request from ('2408:893a:1223:4664:edba:ed76:a34:57a3', 59276, 0, 0)
Traceback (most recent call last):
  File "/usr/lib/python3.13/socketserver.py", line 697, in process_request_thread
    self.finish_request(request, client_address)
    ~~~~~~~~~~~~~~~~~~~^^^^^^^^^^^^^^^^^^^^^^^^^
  File "/usr/lib/python3.13/socketserver.py", line 362, in finish_request
    self.RequestHandlerClass(request, client_address, self)
    ~~~~~~~~~~~~~~~~~~~~~~~~^^^^^^^^^^^^^^^^^^^^^^^^^^^^^^^
  File "/usr/lib/python3.13/http/server.py", line 672, in __init__
    super().__init__(*args, **kwargs)
    ~~~~~~~~~~~~~~~~^^^^^^^^^^^^^^^^^
  File "/usr/lib/python3.13/socketserver.py", line 766, in __init__
    self.handle()
    ~~~~~~~~~~~^^
  File "/usr/lib/python3.13/http/server.py", line 436, in handle
    self.handle_one_request()
    ~~~~~~~~~~~~~~~~~~~~~~~^^
  File "/usr/lib/python3.13/http/server.py", line 404, in handle_one_request
    self.raw_requestline = self.rfile.readline(65537)
                           ~~~~~~~~~~~~~~~~~~~^^^^^^^
  File "/usr/lib/python3.13/socket.py", line 719, in readinto
    return self._sock.recv_into(b)
           ~~~~~~~~~~~~~~~~~~~~^^^
  File "/usr/lib/python3.13/ssl.py", line 1304, in recv_into
    return self.read(nbytes, buffer)
           ~~~~~~~~~^^^^^^^^^^^^^^^^
  File "/usr/lib/python3.13/ssl.py", line 1138, in read
    return self._sslobj.read(len, buffer)
           ~~~~~~~~~~~~~~~~~^^^^^^^^^^^^^
ConnectionResetError: [Errno 104] Connection reset by peer
----------------------------------------
2408:893a:1223:4664:edba:ed76:a34:57a3 - - [11/May/2026 11:07:09] "GET / HTTP/1.1" 200 -
2408:893a:1223:4664:edba:ed76:a34:57a3 - - [11/May/2026 11:07:11] "GET / HTTP/1.1" 200 -
