Serving HTTPS on :: port 8001 from /mnt/data/projects/github.com/faithleysath/bike-tft/thesis/main_thesis_word_v17
2409:8a21:4282:c450::965 - - [11/May/2026 11:59:14] "HEAD / HTTP/1.1" 200 -
2409:8a21:4282:c450::965 - - [11/May/2026 11:59:15] "HEAD /main_thesis_word_v17_final.docx HTTP/1.1" 200 -
2409:8a21:4282:c450::965 - - [11/May/2026 11:59:15] "HEAD /main_thesis_word_v17_final.pdf HTTP/1.1" 200 -
2409:8a21:4282:c450::965 - - [11/May/2026 11:59:15] "HEAD /bike_tft_code_results_upload_bundle_v1.zip HTTP/1.1" 200 -
2409:8a21:4282:c450::965 - - [11/May/2026 11:59:53] "GET / HTTP/1.1" 200 -
2408:893a:1223:4664:b8dd:196b:4477:b034 - - [11/May/2026 12:02:15] "GET / HTTP/1.1" 200 -
2408:893a:1223:4664:b8dd:196b:4477:b034 - - [11/May/2026 12:02:17] "GET /main_thesis_word_v17_final.pdf HTTP/1.1" 200 -
----------------------------------------
Exception occurred during processing of request from ('2408:893a:1223:4664:b8dd:196b:4477:b034', 45768, 0, 0)
----------------------------------------
Exception occurred during processing of request from ('2408:893a:1223:4664:b8dd:196b:4477:b034', 45776, 0, 0)
Traceback (most recent call last):
Traceback (most recent call last):
  File "/usr/lib/python3.13/socketserver.py", line 697, in process_request_thread
    self.finish_request(request, client_address)
    ~~~~~~~~~~~~~~~~~~~^^^^^^^^^^^^^^^^^^^^^^^^^
  File "/usr/lib/python3.13/socketserver.py", line 697, in process_request_thread
    self.finish_request(request, client_address)
    ~~~~~~~~~~~~~~~~~~~^^^^^^^^^^^^^^^^^^^^^^^^^
  File "/usr/lib/python3.13/socketserver.py", line 362, in finish_request
    self.RequestHandlerClass(request, client_address, self)
    ~~~~~~~~~~~~~~~~~~~~~~~~^^^^^^^^^^^^^^^^^^^^^^^^^^^^^^^
  File "/usr/lib/python3.13/socketserver.py", line 362, in finish_request
    self.RequestHandlerClass(request, client_address, self)
    ~~~~~~~~~~~~~~~~~~~~~~~~^^^^^^^^^^^^^^^^^^^^^^^^^^^^^^^
  File "/usr/lib/python3.13/http/server.py", line 672, in __init__
    super().__init__(*args, **kwargs)
    ~~~~~~~~~~~~~~~~^^^^^^^^^^^^^^^^^
  File "/usr/lib/python3.13/http/server.py", line 672, in __init__
    super().__init__(*args, **kwargs)
    ~~~~~~~~~~~~~~~~^^^^^^^^^^^^^^^^^
  File "/usr/lib/python3.13/socketserver.py", line 766, in __init__
    self.handle()
    ~~~~~~~~~~~^^
  File "/usr/lib/python3.13/socketserver.py", line 766, in __init__
    self.handle()
    ~~~~~~~~~~~^^
  File "/usr/lib/python3.13/http/server.py", line 436, in handle
    self.handle_one_request()
    ~~~~~~~~~~~~~~~~~~~~~~~^^
  File "/usr/lib/python3.13/http/server.py", line 436, in handle
    self.handle_one_request()
    ~~~~~~~~~~~~~~~~~~~~~~~^^
  File "/usr/lib/python3.13/http/server.py", line 404, in handle_one_request
    self.raw_requestline = self.rfile.readline(65537)
                           ~~~~~~~~~~~~~~~~~~~^^^^^^^
  File "/usr/lib/python3.13/http/server.py", line 404, in handle_one_request
    self.raw_requestline = self.rfile.readline(65537)
                           ~~~~~~~~~~~~~~~~~~~^^^^^^^
  File "/usr/lib/python3.13/socket.py", line 719, in readinto
    return self._sock.recv_into(b)
           ~~~~~~~~~~~~~~~~~~~~^^^
  File "/usr/lib/python3.13/socket.py", line 719, in readinto
    return self._sock.recv_into(b)
           ~~~~~~~~~~~~~~~~~~~~^^^
  File "/usr/lib/python3.13/ssl.py", line 1304, in recv_into
    return self.read(nbytes, buffer)
           ~~~~~~~~~^^^^^^^^^^^^^^^^
  File "/usr/lib/python3.13/ssl.py", line 1304, in recv_into
    return self.read(nbytes, buffer)
           ~~~~~~~~~^^^^^^^^^^^^^^^^
  File "/usr/lib/python3.13/ssl.py", line 1138, in read
    return self._sslobj.read(len, buffer)
           ~~~~~~~~~~~~~~~~~^^^^^^^^^^^^^
  File "/usr/lib/python3.13/ssl.py", line 1138, in read
    return self._sslobj.read(len, buffer)
           ~~~~~~~~~~~~~~~~~^^^^^^^^^^^^^
ConnectionResetError: [Errno 104] Connection reset by peer
ConnectionResetError: [Errno 104] Connection reset by peer
----------------------------------------
----------------------------------------
